[35m[1mScanning dependencies of target pos_writer[0m
[ 50%] [32mBuilding CXX object CMakeFiles/pos_writer.dir/src/pos_writer.cpp.o[0m
[01m[K/home/vincent/Embedded-System/ros_motor_system/MyCode/path2pos/src/pos_writer.cpp:33:19:[m[K [01;31m[Kerror: [m[Kâ€˜[01m[Kfile_name[m[Kâ€™ has not been declared
   33 |     void ReadFile([01;31m[Kfile_name[m[K){
      |                   [01;31m[K^~~~~~~~~[m[K
[01m[K/home/vincent/Embedded-System/ros_motor_system/MyCode/path2pos/src/pos_writer.cpp:79:39:[m[K [01;31m[Kerror: [m[Ktemplate argument 1 is invalid
   79 |     std::vector<std::vector<std::float[01;31m[K>>[m[K path;
      |                                       [01;31m[K^~[m[K
[01m[K/home/vincent/Embedded-System/ros_motor_system/MyCode/path2pos/src/pos_writer.cpp:79:39:[m[K [01;31m[Kerror: [m[Ktemplate argument 2 is invalid
[01m[K/home/vincent/Embedded-System/ros_motor_system/MyCode/path2pos/src/pos_writer.cpp:79:42:[m[K [01;31m[Kerror: [m[Ktemplate argument 1 is invalid
   79 |     std::vector<std::vector<std::float>> [01;31m[Kpath[m[K;
      |                                          [01;31m[K^~~~[m[K
[01m[K/home/vincent/Embedded-System/ros_motor_system/MyCode/path2pos/src/pos_writer.cpp:79:42:[m[K [01;31m[Kerror: [m[Ktemplate argument 2 is invalid
[01m[K/home/vincent/Embedded-System/ros_motor_system/MyCode/path2pos/src/pos_writer.cpp:[m[K In constructor â€˜[01m[KMinimalPublisher::MinimalPublisher()[m[Kâ€™:
[01m[K/home/vincent/Embedded-System/ros_motor_system/MyCode/path2pos/src/pos_writer.cpp:27:22:[m[K [01;31m[Kerror: [m[Kinvalid conversion from â€˜[01m[Kconst char*[m[Kâ€™ to â€˜[01m[Kint[m[Kâ€™ [[01;31m[K-fpermissive[m[K]
   27 |       this->ReadFile([01;31m[K"output-1.csv"[m[K);
      |                      [01;31m[K^~~~~~~~~~~~~~[m[K
      |                      [01;31m[K|[m[K
      |                      [01;31m[Kconst char*[m[K
[01m[K/home/vincent/Embedded-System/ros_motor_system/MyCode/path2pos/src/pos_writer.cpp:33:19:[m[K [01;36m[Knote: [m[K  initializing argument 1 of â€˜[01m[Kvoid MinimalPublisher::ReadFile(int)[m[Kâ€™
   33 |     void ReadFile([01;36m[Kfile_name[m[K){
      |                   [01;36m[K^~~~~~~~~[m[K
[01m[K/home/vincent/Embedded-System/ros_motor_system/MyCode/path2pos/src/pos_writer.cpp:[m[K In member function â€˜[01m[Kvoid MinimalPublisher::ReadFile(int)[m[Kâ€™:
[01m[K/home/vincent/Embedded-System/ros_motor_system/MyCode/path2pos/src/pos_writer.cpp:34:28:[m[K [01;31m[Kerror: [m[Kâ€˜[01m[Kfile_name[m[Kâ€™ was not declared in this scope
   34 |         std::ifstream file([01;31m[Kfile_name[m[K);
      |                            [01;31m[K^~~~~~~~~[m[K
[01m[K/home/vincent/Embedded-System/ros_motor_system/MyCode/path2pos/src/pos_writer.cpp:37:20:[m[K [01;31m[Kerror: [m[Kreturn-statement with a value, in function returning â€˜[01m[Kvoid[m[Kâ€™ [[01;31m[K-fpermissive[m[K]
   37 |             return [01;31m[K1[m[K;
      |                    [01;31m[K^[m[K
[01m[K/home/vincent/Embedded-System/ros_motor_system/MyCode/path2pos/src/pos_writer.cpp:51:19:[m[K [01;31m[Kerror: [m[Kâ€˜[01m[Kclass MinimalPublisher[m[Kâ€™ has no member named â€˜[01m[Kpath[m[Kâ€™
   51 |             this->[01;31m[Kpath[m[K.push_back(row);
      |                   [01;31m[K^~~~[m[K
[01m[K/home/vincent/Embedded-System/ros_motor_system/MyCode/path2pos/src/pos_writer.cpp:[m[K In member function â€˜[01m[Kvoid MinimalPublisher::timer_callback()[m[Kâ€™:
[01m[K/home/vincent/Embedded-System/ros_motor_system/MyCode/path2pos/src/pos_writer.cpp:59:29:[m[K [01;31m[Kerror: [m[Ktemplate argument 1 is invalid
   59 |       std::vector<std::float[01;31m[K>>[m[K new_pos=this->data[index];
      |                             [01;31m[K^~[m[K
[01m[K/home/vincent/Embedded-System/ros_motor_system/MyCode/path2pos/src/pos_writer.cpp:59:29:[m[K [01;31m[Kerror: [m[Ktemplate argument 2 is invalid
[01m[K/home/vincent/Embedded-System/ros_motor_system/MyCode/path2pos/src/pos_writer.cpp:59:46:[m[K [01;31m[Kerror: [m[Kâ€˜[01m[Kclass MinimalPublisher[m[Kâ€™ has no member named â€˜[01m[Kdata[m[Kâ€™
   59 |       std::vector<std::float>> new_pos=this->[01;31m[Kdata[m[K[index];
      |                                              [01;31m[K^~~~[m[K
[01m[K/home/vincent/Embedded-System/ros_motor_system/MyCode/path2pos/src/pos_writer.cpp:61:18:[m[K [01;31m[Kerror: [m[Kâ€˜[01m[Knewpos[m[Kâ€™ was not declared in this scope; did you mean â€˜[01m[Knew_pos[m[Kâ€™?
   61 |       int angle0=[01;31m[Knewpos[m[K[0];
      |                  [01;31m[K^~~~~~[m[K
      |                  [32m[Knew_pos[m[K
[01m[K/home/vincent/Embedded-System/ros_motor_system/MyCode/path2pos/src/pos_writer.cpp:59:32:[m[K [01;35m[Kwarning: [m[Kunused variable â€˜[01m[Knew_pos[m[Kâ€™ [[01;35m[K-Wunused-variable[m[K]
   59 |       std::vector<std::float>> [01;35m[Knew_pos[m[K=this->data[index];
      |                                [01;35m[K^~~~~~~[m[K
make[2]: *** [CMakeFiles/pos_writer.dir/build.make:63: CMakeFiles/pos_writer.dir/src/pos_writer.cpp.o] Error 1
make[1]: *** [CMakeFiles/Makefile2:78: CMakeFiles/pos_writer.dir/all] Error 2
make: *** [Makefile:141: all] Error 2
