[35m[1mScanning dependencies of target pos_writer[0m
[ 50%] [32mBuilding CXX object CMakeFiles/pos_writer.dir/src/pos_writer.cpp.o[0m
[01m[K/home/vincent/Embedded-System/ros_motor_system/MyCode/path2pos/src/pos_writer.cpp:83:51:[m[K [01;31m[Kerror: [m[Kâ€˜[01m[Kint16[m[Kâ€™ in namespace â€˜[01m[Kstd_msgs::msg[m[Kâ€™ does not name a type
   83 |     void set_number_callback(const std_msgs::msg::[01;31m[Kint16[m[K::SharedPtr msg) const
      |                                                   [01;31m[K^~~~~[m[K
[01m[K/home/vincent/Embedded-System/ros_motor_system/MyCode/path2pos/src/pos_writer.cpp:83:68:[m[K [01;31m[Kerror: [m[Kexpected unqualified-id before â€˜[01m[Kmsg[m[Kâ€™
   83 |     void set_number_callback(const std_msgs::msg::int16::SharedPtr [01;31m[Kmsg[m[K) const
      |                                                                    [01;31m[K^~~[m[K
[01m[K/home/vincent/Embedded-System/ros_motor_system/MyCode/path2pos/src/pos_writer.cpp:83:67:[m[K [01;31m[Kerror: [m[Kexpected â€˜[01m[K)[m[Kâ€™ before â€˜[01m[Kmsg[m[Kâ€™
   83 |     void set_number_callback[34m[K([m[Kconst std_msgs::msg::int16::SharedPtr[01;31m[K [m[K[32m[Kmsg[m[K) const
      |                             [34m[K~[m[K                                     [01;31m[K^[m[K[32m[K~~~[m[K
      |                                                                   [32m[K)[m[K
[01m[K/home/vincent/Embedded-System/ros_motor_system/MyCode/path2pos/src/pos_writer.cpp:83:58:[m[K [01;31m[Kerror: [m[Kexpected â€˜[01m[K;[m[Kâ€™ at end of member declaration
   83 |     void set_number_callback(const std_msgs::msg::int16::[01;31m[KSharedPtr[m[K msg) const
      |                                                          [01;31m[K^~~~~~~~~[m[K
      |                                                                   [32m[K;[m[K
[01m[K/home/vincent/Embedded-System/ros_motor_system/MyCode/path2pos/src/pos_writer.cpp:83:68:[m[K [01;31m[Kerror: [m[Kâ€˜[01m[Kmsg[m[Kâ€™ does not name a type
   83 |     void set_number_callback(const std_msgs::msg::int16::SharedPtr [01;31m[Kmsg[m[K) const
      |                                                                    [01;31m[K^~~[m[K
[01m[K/home/vincent/Embedded-System/ros_motor_system/MyCode/path2pos/src/pos_writer.cpp:[m[K In constructor â€˜[01m[KMinimalPublisher::MinimalPublisher()[m[Kâ€™:
[01m[K/home/vincent/Embedded-System/ros_motor_system/MyCode/path2pos/src/pos_writer.cpp:32:64:[m[K [01;31m[Kerror: [m[Kâ€˜[01m[Kint32[m[Kâ€™ is not a member of â€˜[01m[Kstd_msgs::msg[m[Kâ€™; did you mean â€˜[01m[KInt32[m[Kâ€™?
   32 |       subscription_ = this->create_subscription<std_msgs::msg::[01;31m[Kint32[m[K>(
      |                                                                [01;31m[K^~~~~[m[K
      |                                                                [32m[KInt32[m[K
[01m[K/home/vincent/Embedded-System/ros_motor_system/MyCode/path2pos/src/pos_writer.cpp:32:64:[m[K [01;31m[Kerror: [m[Kâ€˜[01m[Kint32[m[Kâ€™ is not a member of â€˜[01m[Kstd_msgs::msg[m[Kâ€™; did you mean â€˜[01m[KInt32[m[Kâ€™?
   32 |       subscription_ = this->create_subscription<std_msgs::msg::[01;31m[Kint32[m[K>(
      |                                                                [01;31m[K^~~~~[m[K
      |                                                                [32m[KInt32[m[K
[01m[K/home/vincent/Embedded-System/ros_motor_system/MyCode/path2pos/src/pos_writer.cpp:33:42:[m[K [01;31m[Kerror: [m[Kâ€˜[01m[KMinimalSubscriber[m[Kâ€™ has not been declared
   33 |       "/set_draw_number", 10, std::bind(&[01;31m[KMinimalSubscriber[m[K::set_number_callback, this, _1));
      |                                          [01;31m[K^~~~~~~~~~~~~~~~~[m[K
make[2]: *** [CMakeFiles/pos_writer.dir/build.make:63: CMakeFiles/pos_writer.dir/src/pos_writer.cpp.o] Error 1
make[1]: *** [CMakeFiles/Makefile2:78: CMakeFiles/pos_writer.dir/all] Error 2
make: *** [Makefile:141: all] Error 2
