[0.025s] Invoking command in '/home/vincent/Embedded-System/ros_motor_system/MyCode/path2pos/build/path2pos': CMAKE_PREFIX_PATH=${CMAKE_PREFIX_PATH}:/opt/ros/foxy /usr/bin/cmake --build /home/vincent/Embedded-System/ros_motor_system/MyCode/path2pos/build/path2pos -- -j4 -l4
[0.101s] [35m[1mScanning dependencies of target pos_writer[0m
[0.157s] [ 50%] [32mBuilding CXX object CMakeFiles/pos_writer.dir/src/pos_writer.cpp.o[0m
[2.295s] [01m[K/home/vincent/Embedded-System/ros_motor_system/MyCode/path2pos/src/pos_writer.cpp:[m[K In member function â€˜[01m[Kvoid MinimalPublisher::timer_callback()[m[Kâ€™:
[2.296s] [01m[K/home/vincent/Embedded-System/ros_motor_system/MyCode/path2pos/src/pos_writer.cpp:59:24:[m[K [01;31m[Kerror: [m[Kexpected unqualified-id before â€˜[01m[K>[m[Kâ€™ token
[2.296s]    59 |       std::vector<float[01;31m[K>>[m[K new_pos=this->path[index];
[2.296s]       |                        [01;31m[K^~[m[K
[2.299s] [01m[K/home/vincent/Embedded-System/ros_motor_system/MyCode/path2pos/src/pos_writer.cpp:61:18:[m[K [01;31m[Kerror: [m[Kâ€˜[01m[Knew_pos[m[Kâ€™ was not declared in this scope
[2.299s]    61 |       int angle0=[01;31m[Knew_pos[m[K[0];
[2.299s]       |                  [01;31m[K^~~~~~~[m[K
[3.844s] make[2]: *** [CMakeFiles/pos_writer.dir/build.make:63: CMakeFiles/pos_writer.dir/src/pos_writer.cpp.o] Error 1
[3.845s] make[1]: *** [CMakeFiles/Makefile2:78: CMakeFiles/pos_writer.dir/all] Error 2
[3.845s] make: *** [Makefile:141: all] Error 2
[3.848s] Invoked command in '/home/vincent/Embedded-System/ros_motor_system/MyCode/path2pos/build/path2pos' returned '2': CMAKE_PREFIX_PATH=${CMAKE_PREFIX_PATH}:/opt/ros/foxy /usr/bin/cmake --build /home/vincent/Embedded-System/ros_motor_system/MyCode/path2pos/build/path2pos -- -j4 -l4
