[01m[K/home/vincent/Embedded-System/ros_interface_node/fpga_interface/src/interface_node.cpp:33:35:[m[K [01;31m[Kerror: [m[Kâ€˜[01m[Ksensor_msgs[m[Kâ€™ does not name a type
   33 |     void get_image_callback(const [01;31m[Ksensor_msgs[m[K::msg::Image::SharedPtr msg)
      |                                   [01;31m[K^~~~~~~~~~~[m[K
[01m[K/home/vincent/Embedded-System/ros_interface_node/fpga_interface/src/interface_node.cpp:33:51:[m[K [01;31m[Kerror: [m[Kexpected unqualified-id before â€˜[01m[K::[m[Kâ€™ token
   33 |     void get_image_callback(const sensor_msgs::msg[01;31m[K::[m[KImage::SharedPtr msg)
      |                                                   [01;31m[K^~[m[K
[01m[K/home/vincent/Embedded-System/ros_interface_node/fpga_interface/src/interface_node.cpp:33:51:[m[K [01;31m[Kerror: [m[Kexpected â€˜[01m[K)[m[Kâ€™ before â€˜[01m[K::[m[Kâ€™ token
   33 |     void get_image_callback[34m[K([m[Kconst sensor_msgs::msg[01;31m[K:[m[K[32m[K:[m[KImage::SharedPtr msg)
      |                            [34m[K~[m[K                      [01;31m[K^[m[K[32m[K~[m[K
      |                                                   [32m[K)[m[K
[01m[K/home/vincent/Embedded-System/ros_interface_node/fpga_interface/src/interface_node.cpp:33:48:[m[K [01;31m[Kerror: [m[Kexpected â€˜[01m[K;[m[Kâ€™ at end of member declaration
   33 |     void get_image_callback(const sensor_msgs::[01;31m[Kmsg[m[K::Image::SharedPtr msg)
      |                                                [01;31m[K^~~[m[K
      |                                                   [32m[K;[m[K
[01m[K/home/vincent/Embedded-System/ros_interface_node/fpga_interface/src/interface_node.cpp:33:53:[m[K [01;31m[Kerror: [m[Kâ€˜[01m[KImage[m[Kâ€™ in namespace â€˜[01m[K::[m[Kâ€™ does not name a type
   33 |     void get_image_callback(const sensor_msgs::msg::[01;31m[KImage[m[K::SharedPtr msg)
      |                                                     [01;31m[K^~~~~[m[K
[01m[K/home/vincent/Embedded-System/ros_interface_node/fpga_interface/src/interface_node.cpp:52:23:[m[K [01;31m[Kerror: [m[Kâ€˜[01m[KSetPosition[m[Kâ€™ was not declared in this scope
   52 |     rclcpp::Publisher<[01;31m[KSetPosition[m[K>::SharedPtr publisher_;
      |                       [01;31m[K^~~~~~~~~~~[m[K
[01m[K/home/vincent/Embedded-System/ros_interface_node/fpga_interface/src/interface_node.cpp:52:34:[m[K [01;31m[Kerror: [m[Ktemplate argument 1 is invalid
   52 |     rclcpp::Publisher<SetPosition[01;31m[K>[m[K::SharedPtr publisher_;
      |                                  [01;31m[K^[m[K
[01m[K/home/vincent/Embedded-System/ros_interface_node/fpga_interface/src/interface_node.cpp:52:37:[m[K [01;31m[Kerror: [m[Kexpected â€˜[01m[K;[m[Kâ€™ at end of member declaration
   52 |     rclcpp::Publisher<SetPosition>::[01;31m[KSharedPtr[m[K publisher_;
      |                                     [01;31m[K^~~~~~~~~[m[K
      |                                              [32m[K;[m[K
[01m[K/home/vincent/Embedded-System/ros_interface_node/fpga_interface/src/interface_node.cpp:52:47:[m[K [01;31m[Kerror: [m[Kâ€˜[01m[Kpublisher_[m[Kâ€™ does not name a type; did you mean â€˜[01m[Krcl_publisher_t[m[Kâ€™?
   52 |     rclcpp::Publisher<SetPosition>::SharedPtr [01;31m[Kpublisher_[m[K;
      |                                               [01;31m[K^~~~~~~~~~[m[K
      |                                               [32m[Krcl_publisher_t[m[K
[01m[K/home/vincent/Embedded-System/ros_interface_node/fpga_interface/src/interface_node.cpp:[m[K In constructor â€˜[01m[KMinimalPublisher::MinimalPublisher()[m[Kâ€™:
[01m[K/home/vincent/Embedded-System/ros_interface_node/fpga_interface/src/interface_node.cpp:26:7:[m[K [01;31m[Kerror: [m[Kâ€˜[01m[Kpublisher_[m[Kâ€™ was not declared in this scope; did you mean â€˜[01m[Krcl_publisher_t[m[Kâ€™?
   26 |       [01;31m[Kpublisher_[m[K = this->create_publisher<std_msg::msg::Int32>("/set_draw_number", 10);
      |       [01;31m[K^~~~~~~~~~[m[K
      |       [32m[Krcl_publisher_t[m[K
[01m[K/home/vincent/Embedded-System/ros_interface_node/fpga_interface/src/interface_node.cpp:26:43:[m[K [01;31m[Kerror: [m[Kâ€˜[01m[Kstd_msg[m[Kâ€™ was not declared in this scope; did you mean â€˜[01m[Kstd_msgs[m[Kâ€™?
   26 |       publisher_ = this->create_publisher<[01;31m[Kstd_msg[m[K::msg::Int32>("/set_draw_number", 10);
      |                                           [01;31m[K^~~~~~~[m[K
      |                                           [32m[Kstd_msgs[m[K
[01m[K/home/vincent/Embedded-System/ros_interface_node/fpga_interface/src/interface_node.cpp:26:26:[m[K [01;31m[Kerror: [m[Kparse error in template argument list
   26 |       publisher_ = this->[01;31m[Kcreate_publisher<std_msg::msg::Int32>[m[K("/set_draw_number", 10);
      |                          [01;31m[K^~~~~~~~~~~~~~~~~~~~~~~~~~~~~~~~~~~~~[m[K
[01m[K/home/vincent/Embedded-System/ros_interface_node/fpga_interface/src/interface_node.cpp:26:86:[m[K [01;31m[Kerror: [m[Kno matching function for call to â€˜[01m[KMinimalPublisher::create_publisher<<expression error> >(const char [17], int)[m[Kâ€™
   26 |       publisher_ = this->create_publisher<std_msg::msg::Int32>("/set_draw_number", 10[01;31m[K)[m[K;
      |                                                                                      [01;31m[K^[m[K
In file included from [01m[K/opt/ros/foxy/include/rclcpp/executors/single_threaded_executor.hpp:28[m[K,
                 from [01m[K/opt/ros/foxy/include/rclcpp/executors.hpp:22[m[K,
                 from [01m[K/opt/ros/foxy/include/rclcpp/rclcpp.hpp:146[m[K,
                 from [01m[K/home/vincent/Embedded-System/ros_interface_node/fpga_interface/src/interface_node.cpp:11[m[K:
[01m[K/opt/ros/foxy/include/rclcpp/node.hpp:184:3:[m[K [01;36m[Knote: [m[Kcandidate: â€˜[01m[Ktemplate<class MessageT, class AllocatorT, class PublisherT> std::shared_ptr<PublisherT> rclcpp::Node::create_publisher(const string&, const rclcpp::QoS&, const rclcpp::PublisherOptionsWithAllocator<AllocatorT>&)[m[Kâ€™
  184 |   [01;36m[Kcreate_publisher[m[K(
      |   [01;36m[K^~~~~~~~~~~~~~~~[m[K
[01m[K/opt/ros/foxy/include/rclcpp/node.hpp:184:3:[m[K [01;36m[Knote: [m[K  template argument deduction/substitution failed:
[01m[K/home/vincent/Embedded-System/ros_interface_node/fpga_interface/src/interface_node.cpp:26:86:[m[K [01;31m[Kerror: [m[Ktemplate argument 1 is invalid
   26 |       publisher_ = this->create_publisher<std_msg::msg::Int32>("/set_draw_number", 10[01;31m[K)[m[K;
      |                                                                                      [01;31m[K^[m[K
[01m[K/home/vincent/Embedded-System/ros_interface_node/fpga_interface/src/interface_node.cpp:27:49:[m[K [01;31m[Kerror: [m[Kâ€˜[01m[Ksensor_msgs[m[Kâ€™ was not declared in this scope
   27 |       subscription_ = this->create_subscription<[01;31m[Ksensor_msgs[m[K::msg::Image>(
      |                                                 [01;31m[K^~~~~~~~~~~[m[K
[01m[K/home/vincent/Embedded-System/ros_interface_node/fpga_interface/src/interface_node.cpp:27:29:[m[K [01;31m[Kerror: [m[Kparse error in template argument list
   27 |       subscription_ = this->[01;31m[Kcreate_subscription<sensor_msgs::msg::Image>[m[K(
      |                             [01;31m[K^~~~~~~~~~~~~~~~~~~~~~~~~~~~~~~~~~~~~~~~~~~~[m[K
[01m[K/home/vincent/Embedded-System/ros_interface_node/fpga_interface/src/interface_node.cpp:28:113:[m[K [01;31m[Kerror: [m[Kno matching function for call to â€˜[01m[KMinimalPublisher::create_subscription<<expression error> >(const char [23], int, std::_Bind_helper<false, void (MinimalPublisher::*)(...), MinimalPublisher*, const std::_Placeholder<1>&>::type)[m[Kâ€™
   28 |       "/image_raw_scaled_down", 10, std::bind(&MinimalPublisher::get_image_callback, this,std::placeholders::_1)[01;31m[K)[m[K;
      |                                                                                                                 [01;31m[K^[m[K
In file included from [01m[K/opt/ros/foxy/include/rclcpp/executors/single_threaded_executor.hpp:28[m[K,
                 from [01m[K/opt/ros/foxy/include/rclcpp/executors.hpp:22[m[K,
                 from [01m[K/opt/ros/foxy/include/rclcpp/rclcpp.hpp:146[m[K,
                 from [01m[K/home/vincent/Embedded-System/ros_interface_node/fpga_interface/src/interface_node.cpp:11[m[K:
[01m[K/opt/ros/foxy/include/rclcpp/node.hpp:213:3:[m[K [01;36m[Knote: [m[Kcandidate: â€˜[01m[Ktemplate<class MessageT, class CallbackT, class AllocatorT, class CallbackMessageT, class SubscriptionT, class MessageMemoryStrategyT> std::shared_ptr<SubscriptionT> rclcpp::Node::create_subscription(const string&, const rclcpp::QoS&, CallbackT&&, const rclcpp::SubscriptionOptionsWithAllocator<AllocatorT>&, typename MessageMemoryStrategyT::SharedPtr)[m[Kâ€™
  213 |   [01;36m[Kcreate_subscription[m[K(
      |   [01;36m[K^~~~~~~~~~~~~~~~~~~[m[K
[01m[K/opt/ros/foxy/include/rclcpp/node.hpp:213:3:[m[K [01;36m[Knote: [m[K  template argument deduction/substitution failed:
[01m[K/home/vincent/Embedded-System/ros_interface_node/fpga_interface/src/interface_node.cpp:28:113:[m[K [01;31m[Kerror: [m[Ktemplate argument 1 is invalid
   28 |       "/image_raw_scaled_down", 10, std::bind(&MinimalPublisher::get_image_callback, this,std::placeholders::_1)[01;31m[K)[m[K;
      |                                                                                                                 [01;31m[K^[m[K
make[2]: *** [CMakeFiles/interface_node.dir/build.make:63: CMakeFiles/interface_node.dir/src/interface_node.cpp.o] Error 1
make[1]: *** [CMakeFiles/Makefile2:78: CMakeFiles/interface_node.dir/all] Error 2
make: *** [Makefile:141: all] Error 2
