[0.027s] Invoking command in '/home/vincent/Embedded-System/ros_interface_node/fpga_interface/build/fpga_interface': CMAKE_PREFIX_PATH=${CMAKE_PREFIX_PATH}:/opt/ros/foxy /usr/bin/cmake --build /home/vincent/Embedded-System/ros_interface_node/fpga_interface/build/fpga_interface -- -j4 -l4
[0.065s] -- Found ament_cmake: 0.9.12 (/opt/ros/foxy/share/ament_cmake/cmake)
[0.099s] -- Using PYTHON_EXECUTABLE: /usr/bin/python3
[0.388s] -- Found rclcpp: 2.4.3 (/opt/ros/foxy/share/rclcpp/cmake)
[0.436s] -- Using all available rosidl_typesupport_c: rosidl_typesupport_fastrtps_c;rosidl_typesupport_introspection_c
[0.442s] -- Found rosidl_adapter: 1.3.1 (/opt/ros/foxy/share/rosidl_adapter/cmake)
[0.614s] -- Using all available rosidl_typesupport_cpp: rosidl_typesupport_fastrtps_cpp;rosidl_typesupport_introspection_cpp
[0.692s] -- Found rmw_implementation_cmake: 1.0.4 (/opt/ros/foxy/share/rmw_implementation_cmake/cmake)
[0.694s] -- Using RMW implementation 'rmw_fastrtps_cpp' as default
[0.913s] -- Found ament_lint_auto: 0.9.8 (/opt/ros/foxy/share/ament_lint_auto/cmake)
[1.104s] -- Added test 'copyright' to check source files copyright and LICENSE
[1.127s] -- Added test 'cppcheck' to perform static code analysis on C / C++ code
[1.127s] -- Configured cppcheck include dirs: $<BUILD_INTERFACE:/home/vincent/Embedded-System/ros_interface_node/fpga_interface/include>
[1.128s] -- Configured cppcheck exclude dirs and/or files: 
[1.157s] -- Added test 'cpplint' to check C / C++ code against the Google style
[1.157s] -- Configured cpplint exclude dirs and/or files: 
[1.161s] -- Added test 'flake8' to check Python code syntax and style conventions
[1.166s] -- Added test 'lint_cmake' to check CMake code style
[1.169s] -- Added test 'pep257' to check Python code against some of the style conventions in PEP 257
[1.190s] -- Added test 'uncrustify' to check C / C++ code style
[1.190s] -- Configured uncrustify additional arguments: 
[1.197s] -- Added test 'xmllint' to check XML markup files
[1.203s] -- Configuring done
[1.228s] -- Generating done
[1.231s] -- Build files have been written to: /home/vincent/Embedded-System/ros_interface_node/fpga_interface/build/fpga_interface
[1.274s] [35m[1mScanning dependencies of target interface_node[0m
[1.292s] [ 50%] [32mBuilding CXX object CMakeFiles/interface_node.dir/src/interface_node.cpp.o[0m
[3.276s] [01m[K/home/vincent/Embedded-System/ros_interface_node/fpga_interface/src/interface_node.cpp:33:35:[m[K [01;31m[Kerror: [m[Kâ€˜[01m[Ksensor_msgs[m[Kâ€™ does not name a type
[3.276s]    33 |     void get_image_callback(const [01;31m[Ksensor_msgs[m[K::msg::Image::SharedPtr msg)
[3.277s]       |                                   [01;31m[K^~~~~~~~~~~[m[K
[3.277s] [01m[K/home/vincent/Embedded-System/ros_interface_node/fpga_interface/src/interface_node.cpp:33:51:[m[K [01;31m[Kerror: [m[Kexpected unqualified-id before â€˜[01m[K::[m[Kâ€™ token
[3.277s]    33 |     void get_image_callback(const sensor_msgs::msg[01;31m[K::[m[KImage::SharedPtr msg)
[3.277s]       |                                                   [01;31m[K^~[m[K
[3.277s] [01m[K/home/vincent/Embedded-System/ros_interface_node/fpga_interface/src/interface_node.cpp:33:51:[m[K [01;31m[Kerror: [m[Kexpected â€˜[01m[K)[m[Kâ€™ before â€˜[01m[K::[m[Kâ€™ token
[3.277s]    33 |     void get_image_callback[34m[K([m[Kconst sensor_msgs::msg[01;31m[K:[m[K[32m[K:[m[KImage::SharedPtr msg)
[3.277s]       |                            [34m[K~[m[K                      [01;31m[K^[m[K[32m[K~[m[K
[3.278s]       |                                                   [32m[K)[m[K
[3.278s] [01m[K/home/vincent/Embedded-System/ros_interface_node/fpga_interface/src/interface_node.cpp:33:48:[m[K [01;31m[Kerror: [m[Kexpected â€˜[01m[K;[m[Kâ€™ at end of member declaration
[3.278s]    33 |     void get_image_callback(const sensor_msgs::[01;31m[Kmsg[m[K::Image::SharedPtr msg)
[3.278s]       |                                                [01;31m[K^~~[m[K
[3.278s]       |                                                   [32m[K;[m[K
[3.278s] [01m[K/home/vincent/Embedded-System/ros_interface_node/fpga_interface/src/interface_node.cpp:33:53:[m[K [01;31m[Kerror: [m[Kâ€˜[01m[KImage[m[Kâ€™ in namespace â€˜[01m[K::[m[Kâ€™ does not name a type
[3.279s]    33 |     void get_image_callback(const sensor_msgs::msg::[01;31m[KImage[m[K::SharedPtr msg)
[3.279s]       |                                                     [01;31m[K^~~~~[m[K
[3.280s] [01m[K/home/vincent/Embedded-System/ros_interface_node/fpga_interface/src/interface_node.cpp:52:23:[m[K [01;31m[Kerror: [m[Kâ€˜[01m[KSetPosition[m[Kâ€™ was not declared in this scope
[3.280s]    52 |     rclcpp::Publisher<[01;31m[KSetPosition[m[K>::SharedPtr publisher_;
[3.280s]       |                       [01;31m[K^~~~~~~~~~~[m[K
[3.280s] [01m[K/home/vincent/Embedded-System/ros_interface_node/fpga_interface/src/interface_node.cpp:52:34:[m[K [01;31m[Kerror: [m[Ktemplate argument 1 is invalid
[3.280s]    52 |     rclcpp::Publisher<SetPosition[01;31m[K>[m[K::SharedPtr publisher_;
[3.280s]       |                                  [01;31m[K^[m[K
[3.280s] [01m[K/home/vincent/Embedded-System/ros_interface_node/fpga_interface/src/interface_node.cpp:52:37:[m[K [01;31m[Kerror: [m[Kexpected â€˜[01m[K;[m[Kâ€™ at end of member declaration
[3.281s]    52 |     rclcpp::Publisher<SetPosition>::[01;31m[KSharedPtr[m[K publisher_;
[3.281s]       |                                     [01;31m[K^~~~~~~~~[m[K
[3.281s]       |                                              [32m[K;[m[K
[3.283s] [01m[K/home/vincent/Embedded-System/ros_interface_node/fpga_interface/src/interface_node.cpp:52:47:[m[K [01;31m[Kerror: [m[Kâ€˜[01m[Kpublisher_[m[Kâ€™ does not name a type; did you mean â€˜[01m[Krcl_publisher_t[m[Kâ€™?
[3.283s]    52 |     rclcpp::Publisher<SetPosition>::SharedPtr [01;31m[Kpublisher_[m[K;
[3.283s]       |                                               [01;31m[K^~~~~~~~~~[m[K
[3.283s]       |                                               [32m[Krcl_publisher_t[m[K
[3.311s] [01m[K/home/vincent/Embedded-System/ros_interface_node/fpga_interface/src/interface_node.cpp:[m[K In constructor â€˜[01m[KMinimalPublisher::MinimalPublisher()[m[Kâ€™:
[3.311s] [01m[K/home/vincent/Embedded-System/ros_interface_node/fpga_interface/src/interface_node.cpp:26:7:[m[K [01;31m[Kerror: [m[Kâ€˜[01m[Kpublisher_[m[Kâ€™ was not declared in this scope; did you mean â€˜[01m[Krcl_publisher_t[m[Kâ€™?
[3.311s]    26 |       [01;31m[Kpublisher_[m[K = this->create_publisher<std_msg::msg::Int32>("/set_draw_number", 10);
[3.312s]       |       [01;31m[K^~~~~~~~~~[m[K
[3.312s]       |       [32m[Krcl_publisher_t[m[K
[3.314s] [01m[K/home/vincent/Embedded-System/ros_interface_node/fpga_interface/src/interface_node.cpp:26:43:[m[K [01;31m[Kerror: [m[Kâ€˜[01m[Kstd_msg[m[Kâ€™ was not declared in this scope; did you mean â€˜[01m[Kstd_msgs[m[Kâ€™?
[3.314s]    26 |       publisher_ = this->create_publisher<[01;31m[Kstd_msg[m[K::msg::Int32>("/set_draw_number", 10);
[3.314s]       |                                           [01;31m[K^~~~~~~[m[K
[3.314s]       |                                           [32m[Kstd_msgs[m[K
[3.314s] [01m[K/home/vincent/Embedded-System/ros_interface_node/fpga_interface/src/interface_node.cpp:26:26:[m[K [01;31m[Kerror: [m[Kparse error in template argument list
[3.314s]    26 |       publisher_ = this->[01;31m[Kcreate_publisher<std_msg::msg::Int32>[m[K("/set_draw_number", 10);
[3.315s]       |                          [01;31m[K^~~~~~~~~~~~~~~~~~~~~~~~~~~~~~~~~~~~~[m[K
[3.315s] [01m[K/home/vincent/Embedded-System/ros_interface_node/fpga_interface/src/interface_node.cpp:26:86:[m[K [01;31m[Kerror: [m[Kno matching function for call to â€˜[01m[KMinimalPublisher::create_publisher<<expression error> >(const char [17], int)[m[Kâ€™
[3.315s]    26 |       publisher_ = this->create_publisher<std_msg::msg::Int32>("/set_draw_number", 10[01;31m[K)[m[K;
[3.315s]       |                                                                                      [01;31m[K^[m[K
[3.315s] In file included from [01m[K/opt/ros/foxy/include/rclcpp/executors/single_threaded_executor.hpp:28[m[K,
[3.315s]                  from [01m[K/opt/ros/foxy/include/rclcpp/executors.hpp:22[m[K,
[3.316s]                  from [01m[K/opt/ros/foxy/include/rclcpp/rclcpp.hpp:146[m[K,
[3.316s]                  from [01m[K/home/vincent/Embedded-System/ros_interface_node/fpga_interface/src/interface_node.cpp:11[m[K:
[3.316s] [01m[K/opt/ros/foxy/include/rclcpp/node.hpp:184:3:[m[K [01;36m[Knote: [m[Kcandidate: â€˜[01m[Ktemplate<class MessageT, class AllocatorT, class PublisherT> std::shared_ptr<PublisherT> rclcpp::Node::create_publisher(const string&, const rclcpp::QoS&, const rclcpp::PublisherOptionsWithAllocator<AllocatorT>&)[m[Kâ€™
[3.316s]   184 |   [01;36m[Kcreate_publisher[m[K(
[3.316s]       |   [01;36m[K^~~~~~~~~~~~~~~~[m[K
[3.316s] [01m[K/opt/ros/foxy/include/rclcpp/node.hpp:184:3:[m[K [01;36m[Knote: [m[K  template argument deduction/substitution failed:
[3.317s] [01m[K/home/vincent/Embedded-System/ros_interface_node/fpga_interface/src/interface_node.cpp:26:86:[m[K [01;31m[Kerror: [m[Ktemplate argument 1 is invalid
[3.317s]    26 |       publisher_ = this->create_publisher<std_msg::msg::Int32>("/set_draw_number", 10[01;31m[K)[m[K;
[3.317s]       |                                                                                      [01;31m[K^[m[K
[3.319s] [01m[K/home/vincent/Embedded-System/ros_interface_node/fpga_interface/src/interface_node.cpp:27:49:[m[K [01;31m[Kerror: [m[Kâ€˜[01m[Ksensor_msgs[m[Kâ€™ was not declared in this scope
[3.319s]    27 |       subscription_ = this->create_subscription<[01;31m[Ksensor_msgs[m[K::msg::Image>(
[3.319s]       |                                                 [01;31m[K^~~~~~~~~~~[m[K
[3.320s] [01m[K/home/vincent/Embedded-System/ros_interface_node/fpga_interface/src/interface_node.cpp:27:29:[m[K [01;31m[Kerror: [m[Kparse error in template argument list
[3.320s]    27 |       subscription_ = this->[01;31m[Kcreate_subscription<sensor_msgs::msg::Image>[m[K(
[3.320s]       |                             [01;31m[K^~~~~~~~~~~~~~~~~~~~~~~~~~~~~~~~~~~~~~~~~~~~[m[K
[3.334s] [01m[K/home/vincent/Embedded-System/ros_interface_node/fpga_interface/src/interface_node.cpp:28:113:[m[K [01;31m[Kerror: [m[Kno matching function for call to â€˜[01m[KMinimalPublisher::create_subscription<<expression error> >(const char [23], int, std::_Bind_helper<false, void (MinimalPublisher::*)(...), MinimalPublisher*, const std::_Placeholder<1>&>::type)[m[Kâ€™
[3.334s]    28 |       "/image_raw_scaled_down", 10, std::bind(&MinimalPublisher::get_image_callback, this,std::placeholders::_1)[01;31m[K)[m[K;
[3.334s]       |                                                                                                                 [01;31m[K^[m[K
[3.334s] In file included from [01m[K/opt/ros/foxy/include/rclcpp/executors/single_threaded_executor.hpp:28[m[K,
[3.334s]                  from [01m[K/opt/ros/foxy/include/rclcpp/executors.hpp:22[m[K,
[3.335s]                  from [01m[K/opt/ros/foxy/include/rclcpp/rclcpp.hpp:146[m[K,
[3.335s]                  from [01m[K/home/vincent/Embedded-System/ros_interface_node/fpga_interface/src/interface_node.cpp:11[m[K:
[3.335s] [01m[K/opt/ros/foxy/include/rclcpp/node.hpp:213:3:[m[K [01;36m[Knote: [m[Kcandidate: â€˜[01m[Ktemplate<class MessageT, class CallbackT, class AllocatorT, class CallbackMessageT, class SubscriptionT, class MessageMemoryStrategyT> std::shared_ptr<SubscriptionT> rclcpp::Node::create_subscription(const string&, const rclcpp::QoS&, CallbackT&&, const rclcpp::SubscriptionOptionsWithAllocator<AllocatorT>&, typename MessageMemoryStrategyT::SharedPtr)[m[Kâ€™
[3.336s]   213 |   [01;36m[Kcreate_subscription[m[K(
[3.337s]       |   [01;36m[K^~~~~~~~~~~~~~~~~~~[m[K
[3.338s] [01m[K/opt/ros/foxy/include/rclcpp/node.hpp:213:3:[m[K [01;36m[Knote: [m[K  template argument deduction/substitution failed:
[3.338s] [01m[K/home/vincent/Embedded-System/ros_interface_node/fpga_interface/src/interface_node.cpp:28:113:[m[K [01;31m[Kerror: [m[Ktemplate argument 1 is invalid
[3.338s]    28 |       "/image_raw_scaled_down", 10, std::bind(&MinimalPublisher::get_image_callback, this,std::placeholders::_1)[01;31m[K)[m[K;
[3.338s]       |                                                                                                                 [01;31m[K^[m[K
[3.914s] make[2]: *** [CMakeFiles/interface_node.dir/build.make:63: CMakeFiles/interface_node.dir/src/interface_node.cpp.o] Error 1
[3.915s] make[1]: *** [CMakeFiles/Makefile2:78: CMakeFiles/interface_node.dir/all] Error 2
[3.915s] make: *** [Makefile:141: all] Error 2
[3.920s] Invoked command in '/home/vincent/Embedded-System/ros_interface_node/fpga_interface/build/fpga_interface' returned '2': CMAKE_PREFIX_PATH=${CMAKE_PREFIX_PATH}:/opt/ros/foxy /usr/bin/cmake --build /home/vincent/Embedded-System/ros_interface_node/fpga_interface/build/fpga_interface -- -j4 -l4
