[0.021s] Invoking command in '/home/vincent/Embedded-System/ros_motor_system/MyCode/path2pos/build/path2pos': CMAKE_PREFIX_PATH=${CMAKE_PREFIX_PATH}:/opt/ros/foxy /usr/bin/cmake --build /home/vincent/Embedded-System/ros_motor_system/MyCode/path2pos/build/path2pos -- -j4 -l4
[0.096s] [35m[1mScanning dependencies of target pos_writer[0m
[0.149s] [ 50%] [32mBuilding CXX object CMakeFiles/pos_writer.dir/src/pos_writer.cpp.o[0m
[2.253s] [01m[K/home/vincent/Embedded-System/ros_motor_system/MyCode/path2pos/src/pos_writer.cpp:33:19:[m[K [01;31m[Kerror: [m[Kâ€˜[01m[Kstring[m[Kâ€™ has not been declared
[2.253s]    33 |     void ReadFile([01;31m[Kstring[m[K file_name){
[2.254s]       |                   [01;31m[K^~~~~~[m[K
[2.266s] [01m[K/home/vincent/Embedded-System/ros_motor_system/MyCode/path2pos/src/pos_writer.cpp:[m[K In constructor â€˜[01m[KMinimalPublisher::MinimalPublisher()[m[Kâ€™:
[2.266s] [01m[K/home/vincent/Embedded-System/ros_motor_system/MyCode/path2pos/src/pos_writer.cpp:27:22:[m[K [01;31m[Kerror: [m[Kinvalid conversion from â€˜[01m[Kconst char*[m[Kâ€™ to â€˜[01m[Kint[m[Kâ€™ [[01;31m[K-fpermissive[m[K]
[2.266s]    27 |       this->ReadFile([01;31m[K"output-1.csv"[m[K);
[2.266s]       |                      [01;31m[K^~~~~~~~~~~~~~[m[K
[2.266s]       |                      [01;31m[K|[m[K
[2.267s]       |                      [01;31m[Kconst char*[m[K
[2.267s] [01m[K/home/vincent/Embedded-System/ros_motor_system/MyCode/path2pos/src/pos_writer.cpp:33:26:[m[K [01;36m[Knote: [m[K  initializing argument 1 of â€˜[01m[Kvoid MinimalPublisher::ReadFile(int)[m[Kâ€™
[2.267s]    33 |     void ReadFile([01;36m[Kstring file_name[m[K){
[2.267s]       |                   [01;36m[K~~~~~~~^~~~~~~~~[m[K
[2.287s] [01m[K/home/vincent/Embedded-System/ros_motor_system/MyCode/path2pos/src/pos_writer.cpp:[m[K In member function â€˜[01m[Kvoid MinimalPublisher::ReadFile(int)[m[Kâ€™:
[2.287s] [01m[K/home/vincent/Embedded-System/ros_motor_system/MyCode/path2pos/src/pos_writer.cpp:34:28:[m[K [01;31m[Kerror: [m[Kinvalid conversion from â€˜[01m[Kint[m[Kâ€™ to â€˜[01m[Kconst char*[m[Kâ€™ [[01;31m[K-fpermissive[m[K]
[2.287s]    34 |         std::ifstream file([01;31m[Kfile_name[m[K);
[2.287s]       |                            [01;31m[K^~~~~~~~~[m[K
[2.287s]       |                            [01;31m[K|[m[K
[2.288s]       |                            [01;31m[Kint[m[K
[2.288s] In file included from [01m[K/home/vincent/Embedded-System/ros_motor_system/MyCode/path2pos/src/pos_writer.cpp:6[m[K:
[2.288s] [01m[K/usr/include/c++/9/fstream:529:34:[m[K [01;36m[Knote: [m[K  initializing argument 1 of â€˜[01m[Kstd::basic_ifstream<_CharT, _Traits>::basic_ifstream(const char*, std::ios_base::openmode) [with _CharT = char; _Traits = std::char_traits<char>; std::ios_base::openmode = std::_Ios_Openmode][m[Kâ€™
[2.288s]   529 |       basic_ifstream([01;36m[Kconst char* __s[m[K, ios_base::openmode __mode = ios_base::in)
[2.288s]       |                      [01;36m[K~~~~~~~~~~~~^~~[m[K
[2.288s] [01m[K/home/vincent/Embedded-System/ros_motor_system/MyCode/path2pos/src/pos_writer.cpp:37:20:[m[K [01;31m[Kerror: [m[Kreturn-statement with a value, in function returning â€˜[01m[Kvoid[m[Kâ€™ [[01;31m[K-fpermissive[m[K]
[2.288s]    37 |             return [01;31m[K1[m[K;
[2.289s]       |                    [01;31m[K^[m[K
[2.292s] [01m[K/home/vincent/Embedded-System/ros_motor_system/MyCode/path2pos/src/pos_writer.cpp:[m[K In member function â€˜[01m[Kvoid MinimalPublisher::timer_callback()[m[Kâ€™:
[2.292s] [01m[K/home/vincent/Embedded-System/ros_motor_system/MyCode/path2pos/src/pos_writer.cpp:59:29:[m[K [01;31m[Kerror: [m[Ktemplate argument 1 is invalid
[2.292s]    59 |       std::vector<std::float[01;31m[K>>[m[K new_pos=this->data[index];
[2.292s]       |                             [01;31m[K^~[m[K
[2.293s] [01m[K/home/vincent/Embedded-System/ros_motor_system/MyCode/path2pos/src/pos_writer.cpp:59:29:[m[K [01;31m[Kerror: [m[Ktemplate argument 2 is invalid
[2.293s] [01m[K/home/vincent/Embedded-System/ros_motor_system/MyCode/path2pos/src/pos_writer.cpp:59:46:[m[K [01;31m[Kerror: [m[Kâ€˜[01m[Kclass MinimalPublisher[m[Kâ€™ has no member named â€˜[01m[Kdata[m[Kâ€™
[2.293s]    59 |       std::vector<std::float>> new_pos=this->[01;31m[Kdata[m[K[index];
[2.293s]       |                                              [01;31m[K^~~~[m[K
[2.293s] [01m[K/home/vincent/Embedded-System/ros_motor_system/MyCode/path2pos/src/pos_writer.cpp:61:27:[m[K [01;31m[Kerror: [m[Kinvalid types â€˜[01m[Kint[int][m[Kâ€™ for array subscript
[2.293s]    61 |       int angle0=new_pos[0[01;31m[K][m[K;
[2.294s]       |                           [01;31m[K^[m[K
[2.294s] [01m[K/home/vincent/Embedded-System/ros_motor_system/MyCode/path2pos/src/pos_writer.cpp:62:27:[m[K [01;31m[Kerror: [m[Kinvalid types â€˜[01m[Kint[int][m[Kâ€™ for array subscript
[2.294s]    62 |       int angle1=new_pos[1[01;31m[K][m[K;
[2.294s]       |                           [01;31m[K^[m[K
[3.819s] make[2]: *** [CMakeFiles/pos_writer.dir/build.make:63: CMakeFiles/pos_writer.dir/src/pos_writer.cpp.o] Error 1
[3.819s] make[1]: *** [CMakeFiles/Makefile2:78: CMakeFiles/pos_writer.dir/all] Error 2
[3.820s] make: *** [Makefile:141: all] Error 2
[3.823s] Invoked command in '/home/vincent/Embedded-System/ros_motor_system/MyCode/path2pos/build/path2pos' returned '2': CMAKE_PREFIX_PATH=${CMAKE_PREFIX_PATH}:/opt/ros/foxy /usr/bin/cmake --build /home/vincent/Embedded-System/ros_motor_system/MyCode/path2pos/build/path2pos -- -j4 -l4
