[0.032s] Invoking command in '/home/vincent/Embedded-System/ros_motor_system/MyCode/path2pos/build/path2pos': CMAKE_PREFIX_PATH=${CMAKE_PREFIX_PATH}:/opt/ros/foxy /usr/bin/cmake --build /home/vincent/Embedded-System/ros_motor_system/MyCode/path2pos/build/path2pos -- -j4 -l4
[0.111s] [35m[1mScanning dependencies of target pos_writer[0m
[0.160s] [ 50%] [32mBuilding CXX object CMakeFiles/pos_writer.dir/src/pos_writer.cpp.o[0m
[2.343s] [01m[K/home/vincent/Embedded-System/ros_motor_system/MyCode/path2pos/src/pos_writer.cpp:81:51:[m[K [01;31m[Kerror: [m[Kâ€˜[01m[KInt16[m[Kâ€™ in namespace â€˜[01m[Kstd_msgs::msg[m[Kâ€™ does not name a type
[2.344s]    81 |     void set_number_callback(const std_msgs::msg::[01;31m[KInt16[m[K::SharedPtr msg) const
[2.344s]       |                                                   [01;31m[K^~~~~[m[K
[2.344s] [01m[K/home/vincent/Embedded-System/ros_motor_system/MyCode/path2pos/src/pos_writer.cpp:81:68:[m[K [01;31m[Kerror: [m[Kexpected unqualified-id before â€˜[01m[Kmsg[m[Kâ€™
[2.345s]    81 |     void set_number_callback(const std_msgs::msg::Int16::SharedPtr [01;31m[Kmsg[m[K) const
[2.345s]       |                                                                    [01;31m[K^~~[m[K
[2.345s] [01m[K/home/vincent/Embedded-System/ros_motor_system/MyCode/path2pos/src/pos_writer.cpp:81:67:[m[K [01;31m[Kerror: [m[Kexpected â€˜[01m[K)[m[Kâ€™ before â€˜[01m[Kmsg[m[Kâ€™
[2.345s]    81 |     void set_number_callback[34m[K([m[Kconst std_msgs::msg::Int16::SharedPtr[01;31m[K [m[K[32m[Kmsg[m[K) const
[2.345s]       |                             [34m[K~[m[K                                     [01;31m[K^[m[K[32m[K~~~[m[K
[2.346s]       |                                                                   [32m[K)[m[K
[2.346s] [01m[K/home/vincent/Embedded-System/ros_motor_system/MyCode/path2pos/src/pos_writer.cpp:81:58:[m[K [01;31m[Kerror: [m[Kexpected â€˜[01m[K;[m[Kâ€™ at end of member declaration
[2.346s]    81 |     void set_number_callback(const std_msgs::msg::Int16::[01;31m[KSharedPtr[m[K msg) const
[2.346s]       |                                                          [01;31m[K^~~~~~~~~[m[K
[2.346s]       |                                                                   [32m[K;[m[K
[2.347s] [01m[K/home/vincent/Embedded-System/ros_motor_system/MyCode/path2pos/src/pos_writer.cpp:81:68:[m[K [01;31m[Kerror: [m[Kâ€˜[01m[Kmsg[m[Kâ€™ does not name a type
[2.347s]    81 |     void set_number_callback(const std_msgs::msg::Int16::SharedPtr [01;31m[Kmsg[m[K) const
[2.347s]       |                                                                    [01;31m[K^~~[m[K
[2.347s] [01m[K/home/vincent/Embedded-System/ros_motor_system/MyCode/path2pos/src/pos_writer.cpp:86:41:[m[K [01;31m[Kerror: [m[Kâ€˜[01m[KInt16[m[Kâ€™ is not a member of â€˜[01m[Kstd_msgs::msg[m[Kâ€™
[2.347s]    86 |     rclcpp::Subscription<std_msgs::msg::[01;31m[KInt16[m[K>::SharedPtr subscription_;
[2.348s]       |                                         [01;31m[K^~~~~[m[K
[2.348s] [01m[K/home/vincent/Embedded-System/ros_motor_system/MyCode/path2pos/src/pos_writer.cpp:86:41:[m[K [01;31m[Kerror: [m[Kâ€˜[01m[KInt16[m[Kâ€™ is not a member of â€˜[01m[Kstd_msgs::msg[m[Kâ€™
[2.348s] [01m[K/home/vincent/Embedded-System/ros_motor_system/MyCode/path2pos/src/pos_writer.cpp:86:46:[m[K [01;31m[Kerror: [m[Ktemplate argument 1 is invalid
[2.348s]    86 |     rclcpp::Subscription<std_msgs::msg::Int16[01;31m[K>[m[K::SharedPtr subscription_;
[2.348s]       |                                              [01;31m[K^[m[K
[2.348s] [01m[K/home/vincent/Embedded-System/ros_motor_system/MyCode/path2pos/src/pos_writer.cpp:86:46:[m[K [01;31m[Kerror: [m[Ktemplate argument 3 is invalid
[2.349s] [01m[K/home/vincent/Embedded-System/ros_motor_system/MyCode/path2pos/src/pos_writer.cpp:86:49:[m[K [01;31m[Kerror: [m[Kexpected â€˜[01m[K;[m[Kâ€™ at end of member declaration
[2.349s]    86 |     rclcpp::Subscription<std_msgs::msg::Int16>::[01;31m[KSharedPtr[m[K subscription_;
[2.349s]       |                                                 [01;31m[K^~~~~~~~~[m[K
[2.349s]       |                                                          [32m[K;[m[K
[2.349s] [01m[K/home/vincent/Embedded-System/ros_motor_system/MyCode/path2pos/src/pos_writer.cpp:86:59:[m[K [01;31m[Kerror: [m[Kâ€˜[01m[Ksubscription_[m[Kâ€™ does not name a type; did you mean â€˜[01m[Krcl_subscription_t[m[Kâ€™?
[2.349s]    86 |     rclcpp::Subscription<std_msgs::msg::Int16>::SharedPtr [01;31m[Ksubscription_[m[K;
[2.350s]       |                                                           [01;31m[K^~~~~~~~~~~~~[m[K
[2.350s]       |                                                           [32m[Krcl_subscription_t[m[K
[2.372s] [01m[K/home/vincent/Embedded-System/ros_motor_system/MyCode/path2pos/src/pos_writer.cpp:[m[K In constructor â€˜[01m[KMinimalPublisher::MinimalPublisher()[m[Kâ€™:
[2.372s] [01m[K/home/vincent/Embedded-System/ros_motor_system/MyCode/path2pos/src/pos_writer.cpp:30:7:[m[K [01;31m[Kerror: [m[Kâ€˜[01m[Ksubscription_[m[Kâ€™ was not declared in this scope; did you mean â€˜[01m[Krcl_subscription_t[m[Kâ€™?
[2.372s]    30 |       [01;31m[Ksubscription_[m[K = this->create_subscription<std_msgs::msg::Int>(
[2.373s]       |       [01;31m[K^~~~~~~~~~~~~[m[K
[2.373s]       |       [32m[Krcl_subscription_t[m[K
[2.373s] [01m[K/home/vincent/Embedded-System/ros_motor_system/MyCode/path2pos/src/pos_writer.cpp:30:64:[m[K [01;31m[Kerror: [m[Kâ€˜[01m[KInt[m[Kâ€™ is not a member of â€˜[01m[Kstd_msgs::msg[m[Kâ€™; did you mean â€˜[01m[KInt32[m[Kâ€™?
[2.373s]    30 |       subscription_ = this->create_subscription<std_msgs::msg::[01;31m[KInt[m[K>(
[2.373s]       |                                                                [01;31m[K^~~[m[K
[2.373s]       |                                                                [32m[KInt32[m[K
[2.374s] [01m[K/home/vincent/Embedded-System/ros_motor_system/MyCode/path2pos/src/pos_writer.cpp:30:64:[m[K [01;31m[Kerror: [m[Kâ€˜[01m[KInt[m[Kâ€™ is not a member of â€˜[01m[Kstd_msgs::msg[m[Kâ€™; did you mean â€˜[01m[KInt32[m[Kâ€™?
[2.374s]    30 |       subscription_ = this->create_subscription<std_msgs::msg::[01;31m[KInt[m[K>(
[2.374s]       |                                                                [01;31m[K^~~[m[K
[2.374s]       |                                                                [32m[KInt32[m[K
[2.374s] [01m[K/home/vincent/Embedded-System/ros_motor_system/MyCode/path2pos/src/pos_writer.cpp:31:42:[m[K [01;31m[Kerror: [m[Kâ€˜[01m[KMinimalSubscriber[m[Kâ€™ has not been declared
[2.375s]    31 |       "/set_draw_number", 10, std::bind(&[01;31m[KMinimalSubscriber[m[K::set_number_callback, this,,std::placeholders::_1));
[2.375s]       |                                          [01;31m[K^~~~~~~~~~~~~~~~~[m[K
[2.375s] [01m[K/home/vincent/Embedded-System/ros_motor_system/MyCode/path2pos/src/pos_writer.cpp:31:87:[m[K [01;31m[Kerror: [m[Kexpected primary-expression before â€˜[01m[K,[m[Kâ€™ token
[2.375s]    31 |       "/set_draw_number", 10, std::bind(&MinimalSubscriber::set_number_callback, this,[01;31m[K,[m[Kstd::placeholders::_1));
[2.375s]       |                                                                                       [01;31m[K^[m[K
[3.895s] make[2]: *** [CMakeFiles/pos_writer.dir/build.make:63: CMakeFiles/pos_writer.dir/src/pos_writer.cpp.o] Error 1
[3.896s] make[1]: *** [CMakeFiles/Makefile2:78: CMakeFiles/pos_writer.dir/all] Error 2
[3.896s] make: *** [Makefile:141: all] Error 2
[3.899s] Invoked command in '/home/vincent/Embedded-System/ros_motor_system/MyCode/path2pos/build/path2pos' returned '2': CMAKE_PREFIX_PATH=${CMAKE_PREFIX_PATH}:/opt/ros/foxy /usr/bin/cmake --build /home/vincent/Embedded-System/ros_motor_system/MyCode/path2pos/build/path2pos -- -j4 -l4
