[01m[K/home/vincent/Embedded-System/ros_motor_system/MyCode/path2pos/src/pos_writer.cpp:[m[K In member function â€˜[01m[Kvoid MinimalPublisher::ReadFile(std::string)[m[Kâ€™:
[01m[K/home/vincent/Embedded-System/ros_motor_system/MyCode/path2pos/src/pos_writer.cpp:37:20:[m[K [01;31m[Kerror: [m[Kreturn-statement with a value, in function returning â€˜[01m[Kvoid[m[Kâ€™ [[01;31m[K-fpermissive[m[K]
   37 |             return [01;31m[K1[m[K;
      |                    [01;31m[K^[m[K
[01m[K/home/vincent/Embedded-System/ros_motor_system/MyCode/path2pos/src/pos_writer.cpp:[m[K In member function â€˜[01m[Kvoid MinimalPublisher::timer_callback()[m[Kâ€™:
[01m[K/home/vincent/Embedded-System/ros_motor_system/MyCode/path2pos/src/pos_writer.cpp:59:29:[m[K [01;31m[Kerror: [m[Ktemplate argument 1 is invalid
   59 |       std::vector<std::float[01;31m[K>>[m[K new_pos=this->data[index];
      |                             [01;31m[K^~[m[K
[01m[K/home/vincent/Embedded-System/ros_motor_system/MyCode/path2pos/src/pos_writer.cpp:59:29:[m[K [01;31m[Kerror: [m[Ktemplate argument 2 is invalid
[01m[K/home/vincent/Embedded-System/ros_motor_system/MyCode/path2pos/src/pos_writer.cpp:59:46:[m[K [01;31m[Kerror: [m[Kâ€˜[01m[Kclass MinimalPublisher[m[Kâ€™ has no member named â€˜[01m[Kdata[m[Kâ€™
   59 |       std::vector<std::float>> new_pos=this->[01;31m[Kdata[m[K[index];
      |                                              [01;31m[K^~~~[m[K
[01m[K/home/vincent/Embedded-System/ros_motor_system/MyCode/path2pos/src/pos_writer.cpp:61:27:[m[K [01;31m[Kerror: [m[Kinvalid types â€˜[01m[Kint[int][m[Kâ€™ for array subscript
   61 |       int angle0=new_pos[0[01;31m[K][m[K;
      |                           [01;31m[K^[m[K
[01m[K/home/vincent/Embedded-System/ros_motor_system/MyCode/path2pos/src/pos_writer.cpp:62:27:[m[K [01;31m[Kerror: [m[Kinvalid types â€˜[01m[Kint[int][m[Kâ€™ for array subscript
   62 |       int angle1=new_pos[1[01;31m[K][m[K;
      |                           [01;31m[K^[m[K
make[2]: *** [CMakeFiles/pos_writer.dir/build.make:63: CMakeFiles/pos_writer.dir/src/pos_writer.cpp.o] Error 1
make[1]: *** [CMakeFiles/Makefile2:78: CMakeFiles/pos_writer.dir/all] Error 2
make: *** [Makefile:141: all] Error 2
