[0.029s] Invoking command in '/home/vincent/Embedded-System/ros_motor_system/MyCode/path2pos/build/path2pos': CMAKE_PREFIX_PATH=${CMAKE_PREFIX_PATH}:/opt/ros/foxy /usr/bin/cmake --build /home/vincent/Embedded-System/ros_motor_system/MyCode/path2pos/build/path2pos -- -j4 -l4
[0.109s] [35m[1mScanning dependencies of target pos_writer[0m
[0.162s] [ 50%] [32mBuilding CXX object CMakeFiles/pos_writer.dir/src/pos_writer.cpp.o[0m
[2.391s] [01m[K/home/vincent/Embedded-System/ros_motor_system/MyCode/path2pos/src/pos_writer.cpp:83:51:[m[K [01;31m[Kerror: [m[Kâ€˜[01m[KInt16[m[Kâ€™ in namespace â€˜[01m[Kstd_msgs::msg[m[Kâ€™ does not name a type
[2.391s]    83 |     void set_number_callback(const std_msgs::msg::[01;31m[KInt16[m[K::SharedPtr msg) const
[2.391s]       |                                                   [01;31m[K^~~~~[m[K
[2.392s] [01m[K/home/vincent/Embedded-System/ros_motor_system/MyCode/path2pos/src/pos_writer.cpp:83:68:[m[K [01;31m[Kerror: [m[Kexpected unqualified-id before â€˜[01m[Kmsg[m[Kâ€™
[2.392s]    83 |     void set_number_callback(const std_msgs::msg::Int16::SharedPtr [01;31m[Kmsg[m[K) const
[2.392s]       |                                                                    [01;31m[K^~~[m[K
[2.392s] [01m[K/home/vincent/Embedded-System/ros_motor_system/MyCode/path2pos/src/pos_writer.cpp:83:67:[m[K [01;31m[Kerror: [m[Kexpected â€˜[01m[K)[m[Kâ€™ before â€˜[01m[Kmsg[m[Kâ€™
[2.392s]    83 |     void set_number_callback[34m[K([m[Kconst std_msgs::msg::Int16::SharedPtr[01;31m[K [m[K[32m[Kmsg[m[K) const
[2.393s]       |                             [34m[K~[m[K                                     [01;31m[K^[m[K[32m[K~~~[m[K
[2.393s]       |                                                                   [32m[K)[m[K
[2.393s] [01m[K/home/vincent/Embedded-System/ros_motor_system/MyCode/path2pos/src/pos_writer.cpp:83:58:[m[K [01;31m[Kerror: [m[Kexpected â€˜[01m[K;[m[Kâ€™ at end of member declaration
[2.393s]    83 |     void set_number_callback(const std_msgs::msg::Int16::[01;31m[KSharedPtr[m[K msg) const
[2.393s]       |                                                          [01;31m[K^~~~~~~~~[m[K
[2.393s]       |                                                                   [32m[K;[m[K
[2.394s] [01m[K/home/vincent/Embedded-System/ros_motor_system/MyCode/path2pos/src/pos_writer.cpp:83:68:[m[K [01;31m[Kerror: [m[Kâ€˜[01m[Kmsg[m[Kâ€™ does not name a type
[2.394s]    83 |     void set_number_callback(const std_msgs::msg::Int16::SharedPtr [01;31m[Kmsg[m[K) const
[2.394s]       |                                                                    [01;31m[K^~~[m[K
[2.394s] [01m[K/home/vincent/Embedded-System/ros_motor_system/MyCode/path2pos/src/pos_writer.cpp:88:41:[m[K [01;31m[Kerror: [m[Kâ€˜[01m[KInt16[m[Kâ€™ is not a member of â€˜[01m[Kstd_msgs::msg[m[Kâ€™
[2.394s]    88 |     rclcpp::Subscription<std_msgs::msg::[01;31m[KInt16[m[K>::SharedPtr subscription_;
[2.394s]       |                                         [01;31m[K^~~~~[m[K
[2.395s] [01m[K/home/vincent/Embedded-System/ros_motor_system/MyCode/path2pos/src/pos_writer.cpp:88:41:[m[K [01;31m[Kerror: [m[Kâ€˜[01m[KInt16[m[Kâ€™ is not a member of â€˜[01m[Kstd_msgs::msg[m[Kâ€™
[2.395s] [01m[K/home/vincent/Embedded-System/ros_motor_system/MyCode/path2pos/src/pos_writer.cpp:88:46:[m[K [01;31m[Kerror: [m[Ktemplate argument 1 is invalid
[2.395s]    88 |     rclcpp::Subscription<std_msgs::msg::Int16[01;31m[K>[m[K::SharedPtr subscription_;
[2.395s]       |                                              [01;31m[K^[m[K
[2.395s] [01m[K/home/vincent/Embedded-System/ros_motor_system/MyCode/path2pos/src/pos_writer.cpp:88:46:[m[K [01;31m[Kerror: [m[Ktemplate argument 3 is invalid
[2.395s] [01m[K/home/vincent/Embedded-System/ros_motor_system/MyCode/path2pos/src/pos_writer.cpp:88:49:[m[K [01;31m[Kerror: [m[Kexpected â€˜[01m[K;[m[Kâ€™ at end of member declaration
[2.396s]    88 |     rclcpp::Subscription<std_msgs::msg::Int16>::[01;31m[KSharedPtr[m[K subscription_;
[2.396s]       |                                                 [01;31m[K^~~~~~~~~[m[K
[2.396s]       |                                                          [32m[K;[m[K
[2.396s] [01m[K/home/vincent/Embedded-System/ros_motor_system/MyCode/path2pos/src/pos_writer.cpp:88:59:[m[K [01;31m[Kerror: [m[Kâ€˜[01m[Ksubscription_[m[Kâ€™ does not name a type; did you mean â€˜[01m[Krcl_subscription_t[m[Kâ€™?
[2.396s]    88 |     rclcpp::Subscription<std_msgs::msg::Int16>::SharedPtr [01;31m[Ksubscription_[m[K;
[2.396s]       |                                                           [01;31m[K^~~~~~~~~~~~~[m[K
[2.396s]       |                                                           [32m[Krcl_subscription_t[m[K
[2.415s] [01m[K/home/vincent/Embedded-System/ros_motor_system/MyCode/path2pos/src/pos_writer.cpp:[m[K In constructor â€˜[01m[KMinimalPublisher::MinimalPublisher()[m[Kâ€™:
[2.416s] [01m[K/home/vincent/Embedded-System/ros_motor_system/MyCode/path2pos/src/pos_writer.cpp:32:7:[m[K [01;31m[Kerror: [m[Kâ€˜[01m[Ksubscription_[m[Kâ€™ was not declared in this scope; did you mean â€˜[01m[Krcl_subscription_t[m[Kâ€™?
[2.416s]    32 |       [01;31m[Ksubscription_[m[K = this->create_subscription<std_msgs::msg::Int16>(
[2.416s]       |       [01;31m[K^~~~~~~~~~~~~[m[K
[2.416s]       |       [32m[Krcl_subscription_t[m[K
[2.417s] [01m[K/home/vincent/Embedded-System/ros_motor_system/MyCode/path2pos/src/pos_writer.cpp:32:64:[m[K [01;31m[Kerror: [m[Kâ€˜[01m[KInt16[m[Kâ€™ is not a member of â€˜[01m[Kstd_msgs::msg[m[Kâ€™
[2.417s]    32 |       subscription_ = this->create_subscription<std_msgs::msg::[01;31m[KInt16[m[K>(
[2.417s]       |                                                                [01;31m[K^~~~~[m[K
[2.418s] [01m[K/home/vincent/Embedded-System/ros_motor_system/MyCode/path2pos/src/pos_writer.cpp:32:64:[m[K [01;31m[Kerror: [m[Kâ€˜[01m[KInt16[m[Kâ€™ is not a member of â€˜[01m[Kstd_msgs::msg[m[Kâ€™
[2.418s] [01m[K/home/vincent/Embedded-System/ros_motor_system/MyCode/path2pos/src/pos_writer.cpp:33:42:[m[K [01;31m[Kerror: [m[Kâ€˜[01m[KMinimalSubscriber[m[Kâ€™ has not been declared
[2.418s]    33 |       "/set_draw_number", 10, std::bind(&[01;31m[KMinimalSubscriber[m[K::set_number_callback, this, _1));
[2.418s]       |                                          [01;31m[K^~~~~~~~~~~~~~~~~[m[K
[3.954s] make[2]: *** [CMakeFiles/pos_writer.dir/build.make:63: CMakeFiles/pos_writer.dir/src/pos_writer.cpp.o] Error 1
[3.954s] make[1]: *** [CMakeFiles/Makefile2:78: CMakeFiles/pos_writer.dir/all] Error 2
[3.955s] make: *** [Makefile:141: all] Error 2
[3.958s] Invoked command in '/home/vincent/Embedded-System/ros_motor_system/MyCode/path2pos/build/path2pos' returned '2': CMAKE_PREFIX_PATH=${CMAKE_PREFIX_PATH}:/opt/ros/foxy /usr/bin/cmake --build /home/vincent/Embedded-System/ros_motor_system/MyCode/path2pos/build/path2pos -- -j4 -l4
